<?xml version="1.0" encoding="UTF-8"?>
<!-- Generated by org.testng.reporters.JUnitReportReporter -->
<testsuite hostname="inlen8520086999" failures="0" tests="1" name="testCases_2.Login_Test2" time="2.254" errors="0" timestamp="2024-01-11T12:40:48 IST" skipped="0">
  <testcase classname="testCases_2.Login_Test2" name="loginTest2" time="2.254"/>
</testsuite> <!-- testCases_2.Login_Test2 -->
