<?xml version="1.0" encoding="UTF-8"?>
<!-- Generated by org.testng.reporters.JUnitReportReporter -->
<testsuite hostname="inlen8520086999" failures="0" tests="1" name="testCases_5.Login_Test5" time="2.240" errors="0" timestamp="2024-01-03T11:14:04 IST" skipped="0">
  <testcase classname="testCases_5.Login_Test5" name="loginTest5" time="2.240"/>
</testsuite> <!-- testCases_5.Login_Test5 -->
