<?xml version="1.0" encoding="UTF-8"?>
<!-- Generated by org.testng.reporters.JUnitReportReporter -->
<testsuite hostname="inlen8520086999" failures="0" tests="3" name="testCases_1.CartPage_Test" time="2.696" errors="0" timestamp="2024-02-01T15:15:22 IST" skipped="0">
  <testcase classname="testCases_1.CartPage_Test" name="loginTest" time="2.373"/>
  <testcase classname="testCases_1.CartPage_Test" name="addProductToCartTest" time="0.245"/>
  <testcase classname="testCases_1.CartPage_Test" name="testProductInCart" time="0.078"/>
</testsuite> <!-- testCases_1.CartPage_Test -->
