<?xml version="1.0" encoding="UTF-8"?>
<!-- Generated by org.testng.reporters.JUnitReportReporter -->
<testsuite hostname="inlen8520086999" failures="0" tests="1" name="testCases_4.Login_Test4" time="2.237" errors="0" timestamp="2024-01-03T11:14:04 IST" skipped="0">
  <testcase classname="testCases_4.Login_Test4" name="loginTest4" time="2.237"/>
</testsuite> <!-- testCases_4.Login_Test4 -->
