<?xml version="1.0" encoding="UTF-8"?>
<!-- Generated by org.testng.reporters.JUnitReportReporter -->
<testsuite hostname="inlen8520086999" failures="0" tests="4" name="testCases_5.HomePage_Test5" time="13.822" errors="0" timestamp="2024-01-03T11:14:04 IST" skipped="0">
  <testcase classname="testCases_5.HomePage_Test5" name="testAddMultipleProductsAndAddToCart" time="4.252"/>
  <testcase classname="testCases_5.HomePage_Test5" name="testSortingByNameZtoA" time="4.220"/>
  <testcase classname="testCases_5.HomePage_Test5" name="testCartIconWithProductCount" time="3.126"/>
  <testcase classname="testCases_5.HomePage_Test5" name="loginTest5" time="2.224"/>
</testsuite> <!-- testCases_5.HomePage_Test5 -->
