<?xml version="1.0" encoding="UTF-8"?>
<!-- Generated by org.testng.reporters.JUnitReportReporter -->
<testsuite hostname="inlen8520086999" failures="0" tests="6" name="testCases_4.OrderConfirmPage_Test4" time="23.494" errors="0" timestamp="2024-01-03T11:14:04 IST" skipped="0">
  <testcase classname="testCases_4.OrderConfirmPage_Test4" name="checkout" time="2.104"/>
  <testcase classname="testCases_4.OrderConfirmPage_Test4" name="checkoutInformationTest" time="2.416"/>
  <testcase classname="testCases_4.OrderConfirmPage_Test4" name="loginTest4" time="2.244"/>
  <testcase classname="testCases_4.OrderConfirmPage_Test4" name="testSortingByPriceLowToHigh" time="4.239"/>
  <testcase classname="testCases_4.OrderConfirmPage_Test4" name="testAddMultipleProductsAndAddToCart" time="8.347"/>
  <testcase classname="testCases_4.OrderConfirmPage_Test4" name="placeOrderTest" time="4.144"/>
</testsuite> <!-- testCases_4.OrderConfirmPage_Test4 -->
