<?xml version="1.0" encoding="UTF-8"?>
<!-- Generated by org.testng.reporters.JUnitReportReporter -->
<testsuite hostname="inlen8520086999" failures="0" tests="3" name="testCases_3.CartPage_Test3" time="4.570" errors="0" timestamp="2024-01-03T11:14:04 IST" skipped="0">
  <testcase classname="testCases_3.CartPage_Test3" name="addProductToCartTest" time="0.173"/>
  <testcase classname="testCases_3.CartPage_Test3" name="testAddToCartAndRemoveProduct" time="2.164"/>
  <testcase classname="testCases_3.CartPage_Test3" name="loginTest3" time="2.233"/>
</testsuite> <!-- testCases_3.CartPage_Test3 -->
