<?xml version="1.0" encoding="UTF-8"?>
<!-- Generated by org.testng.reporters.JUnitReportReporter -->
<testsuite hostname="inlen8520086999" failures="0" tests="5" name="testCases_5.CartPage_Test5" time="29.241" errors="0" timestamp="2024-01-03T11:14:04 IST" skipped="0">
  <testcase classname="testCases_5.CartPage_Test5" name="testSortingByNameZtoA" time="4.178"/>
  <testcase classname="testCases_5.CartPage_Test5" name="testCartIconWithProductCount" time="3.139"/>
  <testcase classname="testCases_5.CartPage_Test5" name="testAddMultipleProductsAndAddToCart" time="4.250"/>
  <testcase classname="testCases_5.CartPage_Test5" name="loginTest5" time="2.279"/>
  <testcase classname="testCases_5.CartPage_Test5" name="testResetAppStateAndLogout" time="15.395"/>
</testsuite> <!-- testCases_5.CartPage_Test5 -->
