<?xml version="1.0" encoding="UTF-8"?>
<!-- Generated by org.testng.reporters.JUnitReportReporter -->
<testsuite hostname="inlen8520086999" failures="0" tests="2" name="TestCases.HomePage_Test" time="2.390" errors="0" timestamp="2023-12-24T13:12:36 IST" skipped="0">
  <testcase classname="TestCases.HomePage_Test" name="loginTest" time="2.237"/>
  <testcase classname="TestCases.HomePage_Test" name="addProductToCartTest" time="0.153"/>
</testsuite> <!-- TestCases.HomePage_Test -->
