<?xml version="1.0" encoding="UTF-8"?>
<!-- Generated by org.testng.reporters.JUnitReportReporter -->
<testsuite hostname="inlen8520086999" failures="0" tests="1" name="TestCases.Login_Test" time="2.253" errors="0" timestamp="2023-12-24T13:12:36 IST" skipped="0">
  <testcase classname="TestCases.Login_Test" name="loginTest" time="2.253"/>
</testsuite> <!-- TestCases.Login_Test -->
