<?xml version="1.0" encoding="UTF-8"?>
<!-- Generated by org.testng.reporters.JUnitReportReporter -->
<testsuite hostname="inlen8520086999" failures="0" tests="3" name="TestCases.CartPage_Test" time="2.597" errors="0" timestamp="2023-12-24T13:12:36 IST" skipped="0">
  <testcase classname="TestCases.CartPage_Test" name="loginTest" time="2.226"/>
  <testcase classname="TestCases.CartPage_Test" name="addProductToCartTest" time="0.291"/>
  <testcase classname="TestCases.CartPage_Test" name="testProductInCart" time="0.080"/>
</testsuite> <!-- TestCases.CartPage_Test -->
