<?xml version="1.0" encoding="UTF-8"?>
<!-- Generated by org.testng.reporters.JUnitReportReporter -->
<testsuite hostname="inlen8520086999" failures="0" tests="5" name="testCases_4.CkotPage_Test" time="19.015" errors="0" timestamp="2023-12-28T20:48:35 IST" skipped="0">
  <testcase classname="testCases_4.CkotPage_Test" name="testSortingByPriceLowToHigh" time="4.198"/>
  <testcase classname="testCases_4.CkotPage_Test" name="loginTest4" time="2.248"/>
  <testcase classname="testCases_4.CkotPage_Test" name="checkoutInformationTest" time="2.185"/>
  <testcase classname="testCases_4.CkotPage_Test" name="testAddMultipleProductsAndAddToCart" time="8.314"/>
  <testcase classname="testCases_4.CkotPage_Test" name="checkout" time="2.070"/>
</testsuite> <!-- testCases_4.CkotPage_Test -->
