<?xml version="1.0" encoding="UTF-8"?>
<!-- Generated by org.testng.reporters.JUnitReportReporter -->
<testsuite hostname="inlen8520086999" failures="0" tests="2" name="testCases_3.HomePage_Test3" time="2.522" errors="0" timestamp="2024-01-03T11:14:04 IST" skipped="0">
  <testcase classname="testCases_3.HomePage_Test3" name="loginTest3" time="2.310"/>
  <testcase classname="testCases_3.HomePage_Test3" name="addProductToCartTest" time="0.212"/>
</testsuite> <!-- testCases_3.HomePage_Test3 -->
