<?xml version="1.0" encoding="UTF-8"?>
<!-- Generated by org.testng.reporters.JUnitReportReporter -->
<testsuite hostname="inlen8520086999" failures="0" tests="5" name="testCases_2.CartPage_Test2" time="57.642" errors="0" timestamp="2024-01-11T12:40:48 IST" skipped="0">
  <testcase classname="testCases_2.CartPage_Test2" name="loginTest2" time="2.234"/>
  <testcase classname="testCases_2.CartPage_Test2" name="addProductToCartTest" time="14.260"/>
  <testcase classname="testCases_2.CartPage_Test2" name="testContinueShoppingAndNavigationToHomePage" time="0.149"/>
  <testcase classname="testCases_2.CartPage_Test2" name="testProductPresentInCart" time="0.017"/>
  <testcase classname="testCases_2.CartPage_Test2" name="testProductPriceInCart" time="40.982"/>
</testsuite> <!-- testCases_2.CartPage_Test2 -->
