<?xml version="1.0" encoding="UTF-8"?>
<!-- Generated by org.testng.reporters.JUnitReportReporter -->
<testsuite hostname="inlen8520086999" failures="0" tests="4" name="testCases_4.CartPage_Test4" time="16.854" errors="0" timestamp="2024-01-03T11:14:04 IST" skipped="0">
  <testcase classname="testCases_4.CartPage_Test4" name="loginTest4" time="2.217"/>
  <testcase classname="testCases_4.CartPage_Test4" name="testSortingByPriceLowToHigh" time="4.240"/>
  <testcase classname="testCases_4.CartPage_Test4" name="checkout" time="2.074"/>
  <testcase classname="testCases_4.CartPage_Test4" name="testAddMultipleProductsAndAddToCart" time="8.323"/>
</testsuite> <!-- testCases_4.CartPage_Test4 -->
