<?xml version="1.0" encoding="UTF-8"?>
<!-- Generated by org.testng.reporters.JUnitReportReporter -->
<testsuite hostname="inlen8520086999" failures="0" tests="3" name="testCases_4.HomePage_Test4" time="14.743" errors="0" timestamp="2024-01-03T11:14:04 IST" skipped="0">
  <testcase classname="testCases_4.HomePage_Test4" name="loginTest4" time="2.251"/>
  <testcase classname="testCases_4.HomePage_Test4" name="testAddMultipleProductsAndAddToCart" time="8.295"/>
  <testcase classname="testCases_4.HomePage_Test4" name="testSortingByPriceLowToHigh" time="4.197"/>
</testsuite> <!-- testCases_4.HomePage_Test4 -->
