<?xml version="1.0" encoding="UTF-8"?>
<!-- Generated by org.testng.reporters.JUnitReportReporter -->
<testsuite hostname="inlen8520086999" failures="0" tests="5" name="testCases_4.CheckOutPage_Test" time="19.134" errors="0" timestamp="2024-01-03T11:14:04 IST" skipped="0">
  <testcase classname="testCases_4.CheckOutPage_Test" name="checkoutInformationTest" time="2.307"/>
  <testcase classname="testCases_4.CheckOutPage_Test" name="testSortingByPriceLowToHigh" time="4.214"/>
  <testcase classname="testCases_4.CheckOutPage_Test" name="checkout" time="2.083"/>
  <testcase classname="testCases_4.CheckOutPage_Test" name="testAddMultipleProductsAndAddToCart" time="8.294"/>
  <testcase classname="testCases_4.CheckOutPage_Test" name="loginTest4" time="2.236"/>
</testsuite> <!-- testCases_4.CheckOutPage_Test -->
